  Font.cpp
  Framework.cpp
  Logger.cpp
  MathHelper.cpp
  Renderer.cpp
  SDLHelper.cpp
  Timer.cpp
  stb_image.cpp
  stb_image_resize.cpp
  stb_image_write.cpp
D:\Tetris2D\Package\ThirdParty\Include\stb\stb_image_write.h(776,13): warning C4996: 'sprintf': This function or variable may be unsafe. Consider using sprintf_s instead. To disable deprecation, use _CRT_SECURE_NO_WARNINGS. See online help for details.
  stb_rect_pack.cpp
  stb_truetype.cpp
  Board.cpp
  Main.cpp
  Player.cpp
  Tetris2D.cpp
  Tetromino.cpp
  Generating Code...
  Tetris2D.vcxproj -> D:\Tetris2D\Tetris2D\bin\Win64\Debug\Tetris2D.exe
